2022-02-21 16:02:36.023  INFO 4954 --- [restartedMain] com.ewy.activiti7.Activiti7Application   : Starting Activiti7Application on mengxiangzhishijideMacBook-Pro.local with PID 4954 (/Users/liantao/Downloads/activiti/target/classes started by liantao in /Users/liantao/Downloads/activiti)
2022-02-21 16:02:36.025  INFO 4954 --- [restartedMain] com.ewy.activiti7.Activiti7Application   : No active profile set, falling back to default profiles: default
2022-02-21 16:02:36.099  INFO 4954 --- [restartedMain] .e.DevToolsPropertyDefaultsPostProcessor : Devtools property defaults active! Set 'spring.devtools.add-properties' to 'false' to disable
2022-02-21 16:02:36.099  INFO 4954 --- [restartedMain] .e.DevToolsPropertyDefaultsPostProcessor : For additional web related logging consider setting the 'logging.level.web' property to 'DEBUG'
2022-02-21 16:02:37.887  INFO 4954 --- [restartedMain] trationDelegate$BeanPostProcessorChecker : Bean 'org.springframework.security.access.expression.method.DefaultMethodSecurityExpressionHandler@2cb3ba69' of type [org.springframework.security.access.expression.method.DefaultMethodSecurityExpressionHandler] is not eligible for getting processed by all BeanPostProcessors (for example: not eligible for auto-proxying)
2022-02-21 16:02:37.891  INFO 4954 --- [restartedMain] trationDelegate$BeanPostProcessorChecker : Bean 'methodSecurityConfig' of type [org.activiti.spring.boot.MethodSecurityConfig$$EnhancerBySpringCGLIB$$b31fe154] is not eligible for getting processed by all BeanPostProcessors (for example: not eligible for auto-proxying)
2022-02-21 16:02:37.900  INFO 4954 --- [restartedMain] trationDelegate$BeanPostProcessorChecker : Bean 'methodSecurityMetadataSource' of type [org.springframework.security.access.method.DelegatingMethodSecurityMetadataSource] is not eligible for getting processed by all BeanPostProcessors (for example: not eligible for auto-proxying)
2022-02-21 16:02:38.247  INFO 4954 --- [restartedMain] o.s.b.w.embedded.tomcat.TomcatWebServer  : Tomcat initialized with port(s): 8080 (http)
2022-02-21 16:02:38.255  INFO 4954 --- [restartedMain] o.a.coyote.http11.Http11NioProtocol      : Initializing ProtocolHandler ["http-nio-8080"]
2022-02-21 16:02:38.256  INFO 4954 --- [restartedMain] o.apache.catalina.core.StandardService   : Starting service [Tomcat]
2022-02-21 16:02:38.256  INFO 4954 --- [restartedMain] org.apache.catalina.core.StandardEngine  : Starting Servlet engine: [Apache Tomcat/9.0.41]
2022-02-21 16:02:38.320  INFO 4954 --- [restartedMain] o.a.c.c.C.[Tomcat].[localhost].[/]       : Initializing Spring embedded WebApplicationContext
2022-02-21 16:02:38.320  INFO 4954 --- [restartedMain] w.s.c.ServletWebServerApplicationContext : Root WebApplicationContext: initialization completed in 2220 ms
2022-02-21 16:02:38.941  INFO 4954 --- [restartedMain] o.s.s.concurrent.ThreadPoolTaskExecutor  : Initializing ExecutorService 'applicationTaskExecutor'
2022-02-21 16:02:39.153  INFO 4954 --- [restartedMain] o.a.e.i.c.ProcessEngineConfigurationImpl : Found 1 Process Engine Configurators in total:
2022-02-21 16:02:39.154  INFO 4954 --- [restartedMain] o.a.e.i.c.ProcessEngineConfigurationImpl : class org.activiti.spring.process.conf.ProcessExtensionsConfiguratorAutoConfiguration$$EnhancerBySpringCGLIB$$91fd670f (priority:10000)
2022-02-21 16:02:39.154  INFO 4954 --- [restartedMain] o.a.e.i.c.ProcessEngineConfigurationImpl : Executing beforeInit() of class org.activiti.spring.process.conf.ProcessExtensionsConfiguratorAutoConfiguration$$EnhancerBySpringCGLIB$$91fd670f (priority:10000)
2022-02-21 16:02:39.161  INFO 4954 --- [restartedMain] com.zaxxer.hikari.HikariDataSource       : defaultDataSource - Starting...
2022-02-21 16:02:42.987  INFO 4954 --- [restartedMain] com.zaxxer.hikari.HikariDataSource       : defaultDataSource - Start completed.
2022-02-21 16:02:43.718  INFO 4954 --- [restartedMain] o.a.e.i.c.ProcessEngineConfigurationImpl : Executing configure() of class org.activiti.spring.process.conf.ProcessExtensionsConfiguratorAutoConfiguration$$EnhancerBySpringCGLIB$$91fd670f (priority:10000)
2022-02-21 16:02:44.022  INFO 4954 --- [restartedMain] o.a.engine.impl.ProcessEngineImpl        : ProcessEngine default created
2022-02-21 16:02:44.024  INFO 4954 --- [restartedMain] o.a.e.i.a.DefaultAsyncJobExecutor        : Starting up the default async job executor [org.activiti.spring.SpringAsyncExecutor].
2022-02-21 16:02:44.025  INFO 4954 --- [Thread-21] o.a.e.i.a.AcquireAsyncJobsDueRunnable    : {} starting to acquire async jobs due
2022-02-21 16:02:44.026  INFO 4954 --- [Thread-23] o.a.e.i.a.ResetExpiredJobsRunnable       : {} starting to reset expired jobs
2022-02-21 16:02:44.026  INFO 4954 --- [Thread-22] o.a.e.i.a.AcquireTimerJobsRunnable       : {} starting to acquire async jobs due
2022-02-21 16:02:49.200  INFO 4954 --- [restartedMain] o.s.s.web.DefaultSecurityFilterChain     : Creating filter chain: any request, [org.springframework.security.web.context.request.async.WebAsyncManagerIntegrationFilter@77d5f54, org.springframework.security.web.context.SecurityContextPersistenceFilter@275c2558, org.springframework.security.web.header.HeaderWriterFilter@325c78cb, org.springframework.security.web.authentication.logout.LogoutFilter@1fa8df16, org.springframework.security.web.authentication.UsernamePasswordAuthenticationFilter@4076ceca, org.springframework.security.web.savedrequest.RequestCacheAwareFilter@5b699973, org.springframework.security.web.servletapi.SecurityContextHolderAwareRequestFilter@1b90ab69, org.springframework.security.web.authentication.AnonymousAuthenticationFilter@464fd682, org.springframework.security.web.session.SessionManagementFilter@1532c0e9, org.springframework.security.web.access.ExceptionTranslationFilter@1141d04c, org.springframework.security.web.access.intercept.FilterSecurityInterceptor@290cc910]
2022-02-21 16:02:49.514  INFO 4954 --- [restartedMain] o.s.b.d.a.OptionalLiveReloadServer       : LiveReload server is running on port 35729
2022-02-21 16:02:49.519  INFO 4954 --- [restartedMain] o.s.b.a.e.web.EndpointLinksResolver      : Exposing 2 endpoint(s) beneath base path '/actuator'
2022-02-21 16:02:49.580  INFO 4954 --- [restartedMain] o.a.coyote.http11.Http11NioProtocol      : Starting ProtocolHandler ["http-nio-8080"]
2022-02-21 16:02:49.609  INFO 4954 --- [restartedMain] o.s.b.w.embedded.tomcat.TomcatWebServer  : Tomcat started on port(s): 8080 (http) with context path ''
2022-02-21 16:02:49.630  INFO 4954 --- [restartedMain] com.ewy.activiti7.Activiti7Application   : Started Activiti7Application in 14.178 seconds (JVM running for 14.923)
2022-02-21 16:02:49.999  INFO 4954 --- [RMI TCP Connection(1)-127.0.0.1] o.a.c.c.C.[Tomcat].[localhost].[/]       : Initializing Spring DispatcherServlet 'dispatcherServlet'
2022-02-21 16:02:50.000  INFO 4954 --- [RMI TCP Connection(1)-127.0.0.1] o.s.web.servlet.DispatcherServlet        : Initializing Servlet 'dispatcherServlet'
2022-02-21 16:02:50.020  INFO 4954 --- [RMI TCP Connection(1)-127.0.0.1] o.s.web.servlet.DispatcherServlet        : Completed initialization in 20 ms
2022-02-21 16:03:02.788  INFO 4954 --- [SpringContextShutdownHook] o.a.e.i.a.DefaultAsyncJobExecutor        : Shutting down the default async job executor [org.activiti.spring.SpringAsyncExecutor].
2022-02-21 16:03:02.789  INFO 4954 --- [activiti-acquire-async-jobs] o.a.e.i.a.AcquireAsyncJobsDueRunnable    : {} stopped async job due acquisition
2022-02-21 16:03:02.789  INFO 4954 --- [activiti-acquire-timer-jobs] o.a.e.i.a.AcquireTimerJobsRunnable       : {} stopped async job due acquisition
2022-02-21 16:03:02.789  INFO 4954 --- [activiti-reset-expired-jobs] o.a.e.i.a.ResetExpiredJobsRunnable       : {} stopped resetting expired jobs
2022-02-21 16:03:02.792  INFO 4954 --- [SpringContextShutdownHook] o.s.s.concurrent.ThreadPoolTaskExecutor  : Shutting down ExecutorService 'applicationTaskExecutor'
2022-02-21 16:03:02.792  INFO 4954 --- [SpringContextShutdownHook] com.zaxxer.hikari.HikariDataSource       : defaultDataSource - Shutdown initiated...
2022-02-21 16:03:02.807  INFO 4954 --- [SpringContextShutdownHook] com.zaxxer.hikari.HikariDataSource       : defaultDataSource - Shutdown completed.
2022-02-21 16:03:17.872  INFO 4963 --- [restartedMain] com.ewy.activiti7.Activiti7Application   : Starting Activiti7Application on mengxiangzhishijideMacBook-Pro.local with PID 4963 (/Users/liantao/Downloads/activiti/target/classes started by liantao in /Users/liantao/Downloads/activiti)
2022-02-21 16:03:17.876  INFO 4963 --- [restartedMain] com.ewy.activiti7.Activiti7Application   : No active profile set, falling back to default profiles: default
2022-02-21 16:03:17.945  INFO 4963 --- [restartedMain] .e.DevToolsPropertyDefaultsPostProcessor : Devtools property defaults active! Set 'spring.devtools.add-properties' to 'false' to disable
2022-02-21 16:03:17.946  INFO 4963 --- [restartedMain] .e.DevToolsPropertyDefaultsPostProcessor : For additional web related logging consider setting the 'logging.level.web' property to 'DEBUG'
2022-02-21 16:03:19.823  INFO 4963 --- [restartedMain] trationDelegate$BeanPostProcessorChecker : Bean 'org.springframework.security.access.expression.method.DefaultMethodSecurityExpressionHandler@29368b7' of type [org.springframework.security.access.expression.method.DefaultMethodSecurityExpressionHandler] is not eligible for getting processed by all BeanPostProcessors (for example: not eligible for auto-proxying)
2022-02-21 16:03:19.829  INFO 4963 --- [restartedMain] trationDelegate$BeanPostProcessorChecker : Bean 'methodSecurityConfig' of type [org.activiti.spring.boot.MethodSecurityConfig$$EnhancerBySpringCGLIB$$bdfd496e] is not eligible for getting processed by all BeanPostProcessors (for example: not eligible for auto-proxying)
2022-02-21 16:03:19.840  INFO 4963 --- [restartedMain] trationDelegate$BeanPostProcessorChecker : Bean 'methodSecurityMetadataSource' of type [org.springframework.security.access.method.DelegatingMethodSecurityMetadataSource] is not eligible for getting processed by all BeanPostProcessors (for example: not eligible for auto-proxying)
2022-02-21 16:03:20.191  INFO 4963 --- [restartedMain] o.s.b.w.embedded.tomcat.TomcatWebServer  : Tomcat initialized with port(s): 8080 (http)
2022-02-21 16:03:20.199  INFO 4963 --- [restartedMain] o.a.coyote.http11.Http11NioProtocol      : Initializing ProtocolHandler ["http-nio-8080"]
2022-02-21 16:03:20.200  INFO 4963 --- [restartedMain] o.apache.catalina.core.StandardService   : Starting service [Tomcat]
2022-02-21 16:03:20.200  INFO 4963 --- [restartedMain] org.apache.catalina.core.StandardEngine  : Starting Servlet engine: [Apache Tomcat/9.0.41]
2022-02-21 16:03:20.268  INFO 4963 --- [restartedMain] o.a.c.c.C.[Tomcat].[localhost].[/]       : Initializing Spring embedded WebApplicationContext
2022-02-21 16:03:20.268  INFO 4963 --- [restartedMain] w.s.c.ServletWebServerApplicationContext : Root WebApplicationContext: initialization completed in 2321 ms
2022-02-21 16:03:20.909  INFO 4963 --- [restartedMain] o.s.s.concurrent.ThreadPoolTaskExecutor  : Initializing ExecutorService 'applicationTaskExecutor'
2022-02-21 16:03:21.197  INFO 4963 --- [restartedMain] o.a.e.i.c.ProcessEngineConfigurationImpl : Found 1 Process Engine Configurators in total:
2022-02-21 16:03:21.199  INFO 4963 --- [restartedMain] o.a.e.i.c.ProcessEngineConfigurationImpl : class org.activiti.spring.process.conf.ProcessExtensionsConfiguratorAutoConfiguration$$EnhancerBySpringCGLIB$$9cdacf29 (priority:10000)
2022-02-21 16:03:21.199  INFO 4963 --- [restartedMain] o.a.e.i.c.ProcessEngineConfigurationImpl : Executing beforeInit() of class org.activiti.spring.process.conf.ProcessExtensionsConfiguratorAutoConfiguration$$EnhancerBySpringCGLIB$$9cdacf29 (priority:10000)
2022-02-21 16:03:21.207  INFO 4963 --- [restartedMain] com.zaxxer.hikari.HikariDataSource       : defaultDataSource - Starting...
2022-02-21 16:03:21.726  INFO 4963 --- [restartedMain] com.zaxxer.hikari.HikariDataSource       : defaultDataSource - Start completed.
2022-02-21 16:03:22.490  INFO 4963 --- [restartedMain] o.a.e.i.c.ProcessEngineConfigurationImpl : Executing configure() of class org.activiti.spring.process.conf.ProcessExtensionsConfiguratorAutoConfiguration$$EnhancerBySpringCGLIB$$9cdacf29 (priority:10000)
2022-02-21 16:03:22.815  INFO 4963 --- [restartedMain] o.a.engine.impl.ProcessEngineImpl        : ProcessEngine default created
2022-02-21 16:03:22.817  INFO 4963 --- [restartedMain] o.a.e.i.a.DefaultAsyncJobExecutor        : Starting up the default async job executor [org.activiti.spring.SpringAsyncExecutor].
2022-02-21 16:03:22.818  INFO 4963 --- [Thread-17] o.a.e.i.a.AcquireTimerJobsRunnable       : {} starting to acquire async jobs due
2022-02-21 16:03:22.818  INFO 4963 --- [Thread-16] o.a.e.i.a.AcquireAsyncJobsDueRunnable    : {} starting to acquire async jobs due
2022-02-21 16:03:22.820  INFO 4963 --- [Thread-18] o.a.e.i.a.ResetExpiredJobsRunnable       : {} starting to reset expired jobs
2022-02-21 16:03:27.709  INFO 4963 --- [restartedMain] o.s.s.web.DefaultSecurityFilterChain     : Creating filter chain: any request, [org.springframework.security.web.context.request.async.WebAsyncManagerIntegrationFilter@7526ddbc, org.springframework.security.web.context.SecurityContextPersistenceFilter@437f4682, org.springframework.security.web.header.HeaderWriterFilter@77215c38, org.springframework.security.web.authentication.logout.LogoutFilter@1e4e5489, org.springframework.security.web.authentication.UsernamePasswordAuthenticationFilter@846ff57, org.springframework.security.web.savedrequest.RequestCacheAwareFilter@4f306851, org.springframework.security.web.servletapi.SecurityContextHolderAwareRequestFilter@13ca74dd, org.springframework.security.web.authentication.AnonymousAuthenticationFilter@b89ec13, org.springframework.security.web.session.SessionManagementFilter@27abc5fa, org.springframework.security.web.access.ExceptionTranslationFilter@2fab2058, org.springframework.security.web.access.intercept.FilterSecurityInterceptor@5ed697ed]
2022-02-21 16:03:28.017  INFO 4963 --- [restartedMain] o.s.b.d.a.OptionalLiveReloadServer       : LiveReload server is running on port 35729
2022-02-21 16:03:28.023  INFO 4963 --- [restartedMain] o.s.b.a.e.web.EndpointLinksResolver      : Exposing 2 endpoint(s) beneath base path '/actuator'
2022-02-21 16:03:28.094  INFO 4963 --- [restartedMain] o.a.coyote.http11.Http11NioProtocol      : Starting ProtocolHandler ["http-nio-8080"]
2022-02-21 16:03:28.129  INFO 4963 --- [restartedMain] o.s.b.w.embedded.tomcat.TomcatWebServer  : Tomcat started on port(s): 8080 (http) with context path ''
2022-02-21 16:03:28.158  INFO 4963 --- [restartedMain] com.ewy.activiti7.Activiti7Application   : Started Activiti7Application in 10.893 seconds (JVM running for 11.712)
2022-02-21 16:03:28.517  INFO 4963 --- [RMI TCP Connection(6)-127.0.0.1] o.a.c.c.C.[Tomcat].[localhost].[/]       : Initializing Spring DispatcherServlet 'dispatcherServlet'
2022-02-21 16:03:28.517  INFO 4963 --- [RMI TCP Connection(6)-127.0.0.1] o.s.web.servlet.DispatcherServlet        : Initializing Servlet 'dispatcherServlet'
2022-02-21 16:03:28.532  INFO 4963 --- [RMI TCP Connection(6)-127.0.0.1] o.s.web.servlet.DispatcherServlet        : Completed initialization in 15 ms
2022-02-21 16:31:15.993  INFO 4963 --- [SpringContextShutdownHook] o.a.e.i.a.DefaultAsyncJobExecutor        : Shutting down the default async job executor [org.activiti.spring.SpringAsyncExecutor].
2022-02-21 16:31:15.996  INFO 4963 --- [activiti-acquire-timer-jobs] o.a.e.i.a.AcquireTimerJobsRunnable       : {} stopped async job due acquisition
2022-02-21 16:31:15.996  INFO 4963 --- [activiti-acquire-async-jobs] o.a.e.i.a.AcquireAsyncJobsDueRunnable    : {} stopped async job due acquisition
2022-02-21 16:31:15.996  INFO 4963 --- [activiti-reset-expired-jobs] o.a.e.i.a.ResetExpiredJobsRunnable       : {} stopped resetting expired jobs
2022-02-21 16:31:16.001  INFO 4963 --- [SpringContextShutdownHook] o.s.s.concurrent.ThreadPoolTaskExecutor  : Shutting down ExecutorService 'applicationTaskExecutor'
2022-02-21 16:31:16.002  INFO 4963 --- [SpringContextShutdownHook] com.zaxxer.hikari.HikariDataSource       : defaultDataSource - Shutdown initiated...
2022-02-21 16:31:16.017  INFO 4963 --- [SpringContextShutdownHook] com.zaxxer.hikari.HikariDataSource       : defaultDataSource - Shutdown completed.
2022-02-21 16:36:00.941  INFO 5402 --- [restartedMain] com.ewy.activiti7.Activiti7Application   : Starting Activiti7Application on mengxiangzhishijideMacBook-Pro.local with PID 5402 (/Users/liantao/Downloads/activiti/target/classes started by liantao in /Users/liantao/Downloads/activiti)
2022-02-21 16:36:00.945  INFO 5402 --- [restartedMain] com.ewy.activiti7.Activiti7Application   : No active profile set, falling back to default profiles: default
2022-02-21 16:36:01.056  INFO 5402 --- [restartedMain] .e.DevToolsPropertyDefaultsPostProcessor : Devtools property defaults active! Set 'spring.devtools.add-properties' to 'false' to disable
2022-02-21 16:36:01.057  INFO 5402 --- [restartedMain] .e.DevToolsPropertyDefaultsPostProcessor : For additional web related logging consider setting the 'logging.level.web' property to 'DEBUG'
2022-02-21 16:36:03.014  INFO 5402 --- [restartedMain] trationDelegate$BeanPostProcessorChecker : Bean 'org.springframework.security.access.expression.method.DefaultMethodSecurityExpressionHandler@1c91171a' of type [org.springframework.security.access.expression.method.DefaultMethodSecurityExpressionHandler] is not eligible for getting processed by all BeanPostProcessors (for example: not eligible for auto-proxying)
2022-02-21 16:36:03.018  INFO 5402 --- [restartedMain] trationDelegate$BeanPostProcessorChecker : Bean 'methodSecurityConfig' of type [org.activiti.spring.boot.MethodSecurityConfig$$EnhancerBySpringCGLIB$$df96428d] is not eligible for getting processed by all BeanPostProcessors (for example: not eligible for auto-proxying)
2022-02-21 16:36:03.027  INFO 5402 --- [restartedMain] trationDelegate$BeanPostProcessorChecker : Bean 'methodSecurityMetadataSource' of type [org.springframework.security.access.method.DelegatingMethodSecurityMetadataSource] is not eligible for getting processed by all BeanPostProcessors (for example: not eligible for auto-proxying)
2022-02-21 16:36:03.399  INFO 5402 --- [restartedMain] o.s.b.w.embedded.tomcat.TomcatWebServer  : Tomcat initialized with port(s): 8080 (http)
2022-02-21 16:36:03.406  INFO 5402 --- [restartedMain] o.a.coyote.http11.Http11NioProtocol      : Initializing ProtocolHandler ["http-nio-8080"]
2022-02-21 16:36:03.407  INFO 5402 --- [restartedMain] o.apache.catalina.core.StandardService   : Starting service [Tomcat]
2022-02-21 16:36:03.407  INFO 5402 --- [restartedMain] org.apache.catalina.core.StandardEngine  : Starting Servlet engine: [Apache Tomcat/9.0.41]
2022-02-21 16:36:03.472  INFO 5402 --- [restartedMain] o.a.c.c.C.[Tomcat].[localhost].[/]       : Initializing Spring embedded WebApplicationContext
2022-02-21 16:36:03.473  INFO 5402 --- [restartedMain] w.s.c.ServletWebServerApplicationContext : Root WebApplicationContext: initialization completed in 2416 ms
2022-02-21 16:36:03.970  INFO 5402 --- [restartedMain] o.s.s.concurrent.ThreadPoolTaskExecutor  : Initializing ExecutorService 'applicationTaskExecutor'
2022-02-21 16:36:04.353  INFO 5402 --- [restartedMain] o.a.e.i.c.ProcessEngineConfigurationImpl : Found 1 Process Engine Configurators in total:
2022-02-21 16:36:04.356  INFO 5402 --- [restartedMain] o.a.e.i.c.ProcessEngineConfigurationImpl : class org.activiti.spring.process.conf.ProcessExtensionsConfiguratorAutoConfiguration$$EnhancerBySpringCGLIB$$be73c848 (priority:10000)
2022-02-21 16:36:04.356  INFO 5402 --- [restartedMain] o.a.e.i.c.ProcessEngineConfigurationImpl : Executing beforeInit() of class org.activiti.spring.process.conf.ProcessExtensionsConfiguratorAutoConfiguration$$EnhancerBySpringCGLIB$$be73c848 (priority:10000)
2022-02-21 16:36:04.363  INFO 5402 --- [restartedMain] com.zaxxer.hikari.HikariDataSource       : defaultDataSource - Starting...
2022-02-21 16:36:05.022  INFO 5402 --- [restartedMain] com.zaxxer.hikari.HikariDataSource       : defaultDataSource - Start completed.
2022-02-21 16:36:05.794  INFO 5402 --- [restartedMain] o.a.e.i.c.ProcessEngineConfigurationImpl : Executing configure() of class org.activiti.spring.process.conf.ProcessExtensionsConfiguratorAutoConfiguration$$EnhancerBySpringCGLIB$$be73c848 (priority:10000)
2022-02-21 16:36:06.094  INFO 5402 --- [restartedMain] o.a.engine.impl.ProcessEngineImpl        : ProcessEngine default created
2022-02-21 16:36:06.095  INFO 5402 --- [restartedMain] o.a.e.i.a.DefaultAsyncJobExecutor        : Starting up the default async job executor [org.activiti.spring.SpringAsyncExecutor].
2022-02-21 16:36:06.096  INFO 5402 --- [Thread-18] o.a.e.i.a.ResetExpiredJobsRunnable       : {} starting to reset expired jobs
2022-02-21 16:36:06.096  INFO 5402 --- [Thread-16] o.a.e.i.a.AcquireAsyncJobsDueRunnable    : {} starting to acquire async jobs due
2022-02-21 16:36:06.096  INFO 5402 --- [Thread-17] o.a.e.i.a.AcquireTimerJobsRunnable       : {} starting to acquire async jobs due
2022-02-21 16:36:11.199  INFO 5402 --- [restartedMain] o.s.s.web.DefaultSecurityFilterChain     : Creating filter chain: any request, [org.springframework.security.web.context.request.async.WebAsyncManagerIntegrationFilter@541d82a4, org.springframework.security.web.context.SecurityContextPersistenceFilter@21173eb8, org.springframework.security.web.header.HeaderWriterFilter@162c2eb3, org.springframework.security.web.authentication.logout.LogoutFilter@5ff92d9b, org.springframework.security.web.authentication.UsernamePasswordAuthenticationFilter@7885cf21, org.springframework.security.web.savedrequest.RequestCacheAwareFilter@177151a7, org.springframework.security.web.servletapi.SecurityContextHolderAwareRequestFilter@36b321dc, org.springframework.security.web.authentication.AnonymousAuthenticationFilter@14d4f7b7, org.springframework.security.web.session.SessionManagementFilter@1c5c2679, org.springframework.security.web.access.ExceptionTranslationFilter@43acb515, org.springframework.security.web.access.intercept.FilterSecurityInterceptor@4fb2bda5]
2022-02-21 16:36:11.629  WARN 5402 --- [restartedMain] o.s.b.d.a.OptionalLiveReloadServer       : Unable to start LiveReload server
2022-02-21 16:36:11.638  INFO 5402 --- [restartedMain] o.s.b.a.e.web.EndpointLinksResolver      : Exposing 2 endpoint(s) beneath base path '/actuator'
2022-02-21 16:36:11.762  INFO 5402 --- [restartedMain] o.a.coyote.http11.Http11NioProtocol      : Starting ProtocolHandler ["http-nio-8080"]
2022-02-21 16:36:11.825  INFO 5402 --- [restartedMain] o.s.b.w.embedded.tomcat.TomcatWebServer  : Tomcat started on port(s): 8080 (http) with context path ''
2022-02-21 16:36:11.847  INFO 5402 --- [restartedMain] com.ewy.activiti7.Activiti7Application   : Started Activiti7Application in 11.481 seconds (JVM running for 12.443)
2022-02-21 16:36:12.007  INFO 5402 --- [RMI TCP Connection(4)-127.0.0.1] o.a.c.c.C.[Tomcat].[localhost].[/]       : Initializing Spring DispatcherServlet 'dispatcherServlet'
2022-02-21 16:36:12.009  INFO 5402 --- [RMI TCP Connection(4)-127.0.0.1] o.s.web.servlet.DispatcherServlet        : Initializing Servlet 'dispatcherServlet'
2022-02-21 16:36:12.029  INFO 5402 --- [RMI TCP Connection(4)-127.0.0.1] o.s.web.servlet.DispatcherServlet        : Completed initialization in 20 ms
2022-02-21 17:23:19.224  WARN 5402 --- [activiti-reset-expired-jobs] com.zaxxer.hikari.pool.PoolBase          : defaultDataSource - Failed to validate connection com.mysql.cj.jdbc.ConnectionImpl@61413edd (No operations allowed after connection closed.). Possibly consider using a shorter maxLifetime value.
2022-02-21 17:23:19.582  WARN 5402 --- [activiti-acquire-async-jobs] com.zaxxer.hikari.pool.PoolBase          : defaultDataSource - Failed to validate connection com.mysql.cj.jdbc.ConnectionImpl@ce63fe9 (No operations allowed after connection closed.). Possibly consider using a shorter maxLifetime value.
2022-02-21 17:31:52.677  WARN 5402 --- [activiti-acquire-async-jobs] com.zaxxer.hikari.pool.PoolBase          : defaultDataSource - Failed to validate connection com.mysql.cj.jdbc.ConnectionImpl@66321ac7 (No operations allowed after connection closed.). Possibly consider using a shorter maxLifetime value.
2022-02-21 17:34:50.614  WARN 5402 --- [activiti-acquire-async-jobs] com.zaxxer.hikari.pool.PoolBase          : defaultDataSource - Failed to validate connection com.mysql.cj.jdbc.ConnectionImpl@ea9dce7 (No operations allowed after connection closed.). Possibly consider using a shorter maxLifetime value.
2022-02-21 17:34:55.634  WARN 5402 --- [activiti-acquire-async-jobs] com.zaxxer.hikari.pool.PoolBase          : defaultDataSource - Failed to validate connection com.mysql.cj.jdbc.ConnectionImpl@54cd8f97 (No operations allowed after connection closed.). Possibly consider using a shorter maxLifetime value.
2022-02-21 17:34:57.223  WARN 5402 --- [activiti-acquire-timer-jobs] com.zaxxer.hikari.pool.PoolBase          : defaultDataSource - Failed to validate connection com.mysql.cj.jdbc.ConnectionImpl@5e85080c (No operations allowed after connection closed.). Possibly consider using a shorter maxLifetime value.
2022-02-21 17:35:00.667  WARN 5402 --- [activiti-acquire-async-jobs] com.zaxxer.hikari.pool.PoolBase          : defaultDataSource - Failed to validate connection com.mysql.cj.jdbc.ConnectionImpl@2720e5aa (No operations allowed after connection closed.). Possibly consider using a shorter maxLifetime value.
2022-02-21 17:35:02.240  WARN 5402 --- [activiti-acquire-timer-jobs] com.zaxxer.hikari.pool.PoolBase          : defaultDataSource - Failed to validate connection com.mysql.cj.jdbc.ConnectionImpl@488baa84 (No operations allowed after connection closed.). Possibly consider using a shorter maxLifetime value.
2022-02-21 17:35:05.690  WARN 5402 --- [activiti-acquire-async-jobs] com.zaxxer.hikari.pool.PoolBase          : defaultDataSource - Failed to validate connection com.mysql.cj.jdbc.ConnectionImpl@3560e7e8 (No operations allowed after connection closed.). Possibly consider using a shorter maxLifetime value.
2022-02-21 17:35:07.264  WARN 5402 --- [activiti-acquire-timer-jobs] com.zaxxer.hikari.pool.PoolBase          : defaultDataSource - Failed to validate connection com.mysql.cj.jdbc.ConnectionImpl@158407aa (No operations allowed after connection closed.). Possibly consider using a shorter maxLifetime value.
2022-02-21 17:35:10.707  WARN 5402 --- [activiti-acquire-async-jobs] com.zaxxer.hikari.pool.PoolBase          : defaultDataSource - Failed to validate connection com.mysql.cj.jdbc.ConnectionImpl@d6977e4 (No operations allowed after connection closed.). Possibly consider using a shorter maxLifetime value.
2022-02-21 18:04:21.017  WARN 5402 --- [activiti-acquire-timer-jobs] com.zaxxer.hikari.pool.PoolBase          : defaultDataSource - Failed to validate connection com.mysql.cj.jdbc.ConnectionImpl@3cc1c6fa (No operations allowed after connection closed.). Possibly consider using a shorter maxLifetime value.
2022-02-21 18:04:26.045  WARN 5402 --- [activiti-acquire-timer-jobs] com.zaxxer.hikari.pool.PoolBase          : defaultDataSource - Failed to validate connection com.mysql.cj.jdbc.ConnectionImpl@668ef3df (No operations allowed after connection closed.). Possibly consider using a shorter maxLifetime value.
2022-02-21 18:04:26.863  WARN 5402 --- [activiti-acquire-async-jobs] com.zaxxer.hikari.pool.PoolBase          : defaultDataSource - Failed to validate connection com.mysql.cj.jdbc.ConnectionImpl@54d9b3ec (No operations allowed after connection closed.). Possibly consider using a shorter maxLifetime value.
2022-02-21 18:04:31.062  WARN 5402 --- [activiti-acquire-timer-jobs] com.zaxxer.hikari.pool.PoolBase          : defaultDataSource - Failed to validate connection com.mysql.cj.jdbc.ConnectionImpl@4552d4c5 (No operations allowed after connection closed.). Possibly consider using a shorter maxLifetime value.
2022-02-21 18:04:31.610  WARN 5402 --- [activiti-reset-expired-jobs] com.zaxxer.hikari.pool.PoolBase          : defaultDataSource - Failed to validate connection com.mysql.cj.jdbc.ConnectionImpl@1ddf87a4 (No operations allowed after connection closed.). Possibly consider using a shorter maxLifetime value.
2022-02-21 18:04:31.881  WARN 5402 --- [activiti-acquire-async-jobs] com.zaxxer.hikari.pool.PoolBase          : defaultDataSource - Failed to validate connection com.mysql.cj.jdbc.ConnectionImpl@358a2d39 (No operations allowed after connection closed.). Possibly consider using a shorter maxLifetime value.
2022-02-21 18:04:36.088  WARN 5402 --- [activiti-acquire-timer-jobs] com.zaxxer.hikari.pool.PoolBase          : defaultDataSource - Failed to validate connection com.mysql.cj.jdbc.ConnectionImpl@7b5961f8 (No operations allowed after connection closed.). Possibly consider using a shorter maxLifetime value.
2022-02-21 18:16:16.483  INFO 5752 --- [restartedMain] com.ewy.activiti7.Activiti7Application   : Starting Activiti7Application on mengxiangzhishijideMacBook-Pro.local with PID 5752 (/Users/liantao/Downloads/activiti/target/classes started by liantao in /Users/liantao/Downloads/activiti)
2022-02-21 18:16:16.486  INFO 5752 --- [restartedMain] com.ewy.activiti7.Activiti7Application   : No active profile set, falling back to default profiles: default
2022-02-21 18:16:16.552  INFO 5752 --- [restartedMain] .e.DevToolsPropertyDefaultsPostProcessor : Devtools property defaults active! Set 'spring.devtools.add-properties' to 'false' to disable
2022-02-21 18:16:16.553  INFO 5752 --- [restartedMain] .e.DevToolsPropertyDefaultsPostProcessor : For additional web related logging consider setting the 'logging.level.web' property to 'DEBUG'
2022-02-21 18:16:18.339  INFO 5752 --- [restartedMain] trationDelegate$BeanPostProcessorChecker : Bean 'org.springframework.security.access.expression.method.DefaultMethodSecurityExpressionHandler@7f30e241' of type [org.springframework.security.access.expression.method.DefaultMethodSecurityExpressionHandler] is not eligible for getting processed by all BeanPostProcessors (for example: not eligible for auto-proxying)
2022-02-21 18:16:18.344  INFO 5752 --- [restartedMain] trationDelegate$BeanPostProcessorChecker : Bean 'methodSecurityConfig' of type [org.activiti.spring.boot.MethodSecurityConfig$$EnhancerBySpringCGLIB$$41fee138] is not eligible for getting processed by all BeanPostProcessors (for example: not eligible for auto-proxying)
2022-02-21 18:16:18.355  INFO 5752 --- [restartedMain] trationDelegate$BeanPostProcessorChecker : Bean 'methodSecurityMetadataSource' of type [org.springframework.security.access.method.DelegatingMethodSecurityMetadataSource] is not eligible for getting processed by all BeanPostProcessors (for example: not eligible for auto-proxying)
2022-02-21 18:16:18.693  INFO 5752 --- [restartedMain] o.s.b.w.embedded.tomcat.TomcatWebServer  : Tomcat initialized with port(s): 8080 (http)
2022-02-21 18:16:18.700  INFO 5752 --- [restartedMain] o.a.coyote.http11.Http11NioProtocol      : Initializing ProtocolHandler ["http-nio-8080"]
2022-02-21 18:16:18.701  INFO 5752 --- [restartedMain] o.apache.catalina.core.StandardService   : Starting service [Tomcat]
2022-02-21 18:16:18.701  INFO 5752 --- [restartedMain] org.apache.catalina.core.StandardEngine  : Starting Servlet engine: [Apache Tomcat/9.0.41]
2022-02-21 18:16:18.768  INFO 5752 --- [restartedMain] o.a.c.c.C.[Tomcat].[localhost].[/]       : Initializing Spring embedded WebApplicationContext
2022-02-21 18:16:18.768  INFO 5752 --- [restartedMain] w.s.c.ServletWebServerApplicationContext : Root WebApplicationContext: initialization completed in 2214 ms
2022-02-21 18:16:19.403  INFO 5752 --- [restartedMain] o.s.s.concurrent.ThreadPoolTaskExecutor  : Initializing ExecutorService 'applicationTaskExecutor'
2022-02-21 18:16:19.702  INFO 5752 --- [restartedMain] o.a.e.i.c.ProcessEngineConfigurationImpl : Found 1 Process Engine Configurators in total:
2022-02-21 18:16:19.704  INFO 5752 --- [restartedMain] o.a.e.i.c.ProcessEngineConfigurationImpl : class org.activiti.spring.process.conf.ProcessExtensionsConfiguratorAutoConfiguration$$EnhancerBySpringCGLIB$$20dc66f3 (priority:10000)
2022-02-21 18:16:19.704  INFO 5752 --- [restartedMain] o.a.e.i.c.ProcessEngineConfigurationImpl : Executing beforeInit() of class org.activiti.spring.process.conf.ProcessExtensionsConfiguratorAutoConfiguration$$EnhancerBySpringCGLIB$$20dc66f3 (priority:10000)
2022-02-21 18:16:19.711  INFO 5752 --- [restartedMain] com.zaxxer.hikari.HikariDataSource       : defaultDataSource - Starting...
2022-02-21 18:16:20.353  INFO 5752 --- [restartedMain] com.zaxxer.hikari.HikariDataSource       : defaultDataSource - Start completed.
2022-02-21 18:16:21.038  INFO 5752 --- [restartedMain] o.a.e.i.c.ProcessEngineConfigurationImpl : Executing configure() of class org.activiti.spring.process.conf.ProcessExtensionsConfiguratorAutoConfiguration$$EnhancerBySpringCGLIB$$20dc66f3 (priority:10000)
2022-02-21 18:16:21.349  INFO 5752 --- [restartedMain] o.a.engine.impl.ProcessEngineImpl        : ProcessEngine default created
2022-02-21 18:16:21.350  INFO 5752 --- [restartedMain] o.a.e.i.a.DefaultAsyncJobExecutor        : Starting up the default async job executor [org.activiti.spring.SpringAsyncExecutor].
2022-02-21 18:16:21.351  INFO 5752 --- [Thread-16] o.a.e.i.a.AcquireAsyncJobsDueRunnable    : {} starting to acquire async jobs due
2022-02-21 18:16:21.351  INFO 5752 --- [Thread-18] o.a.e.i.a.ResetExpiredJobsRunnable       : {} starting to reset expired jobs
2022-02-21 18:16:21.351  INFO 5752 --- [Thread-17] o.a.e.i.a.AcquireTimerJobsRunnable       : {} starting to acquire async jobs due
2022-02-21 18:16:26.675  INFO 5752 --- [restartedMain] o.s.s.web.DefaultSecurityFilterChain     : Creating filter chain: any request, [org.springframework.security.web.context.request.async.WebAsyncManagerIntegrationFilter@7bef7414, org.springframework.security.web.context.SecurityContextPersistenceFilter@36345156, org.springframework.security.web.header.HeaderWriterFilter@6b738c24, org.springframework.security.web.authentication.logout.LogoutFilter@6b173737, org.springframework.security.web.authentication.UsernamePasswordAuthenticationFilter@69e910bb, org.springframework.security.web.savedrequest.RequestCacheAwareFilter@38625b9, org.springframework.security.web.servletapi.SecurityContextHolderAwareRequestFilter@4daf0ec6, org.springframework.security.web.authentication.AnonymousAuthenticationFilter@651c210a, org.springframework.security.web.session.SessionManagementFilter@3d28a01a, org.springframework.security.web.access.ExceptionTranslationFilter@7ecfdb2d, org.springframework.security.web.access.intercept.FilterSecurityInterceptor@16a39415]
2022-02-21 18:16:26.982  INFO 5752 --- [restartedMain] o.s.b.d.a.OptionalLiveReloadServer       : LiveReload server is running on port 35729
2022-02-21 18:16:26.988  INFO 5752 --- [restartedMain] o.s.b.a.e.web.EndpointLinksResolver      : Exposing 2 endpoint(s) beneath base path '/actuator'
2022-02-21 18:16:27.055  INFO 5752 --- [restartedMain] o.a.coyote.http11.Http11NioProtocol      : Starting ProtocolHandler ["http-nio-8080"]
2022-02-21 18:16:27.084  INFO 5752 --- [restartedMain] o.s.b.w.embedded.tomcat.TomcatWebServer  : Tomcat started on port(s): 8080 (http) with context path ''
2022-02-21 18:16:27.111  INFO 5752 --- [restartedMain] com.ewy.activiti7.Activiti7Application   : Started Activiti7Application in 11.383 seconds (JVM running for 12.779)
2022-02-21 18:16:27.638  INFO 5752 --- [RMI TCP Connection(2)-127.0.0.1] o.a.c.c.C.[Tomcat].[localhost].[/]       : Initializing Spring DispatcherServlet 'dispatcherServlet'
2022-02-21 18:16:27.639  INFO 5752 --- [RMI TCP Connection(2)-127.0.0.1] o.s.web.servlet.DispatcherServlet        : Initializing Servlet 'dispatcherServlet'
2022-02-21 18:16:27.663  INFO 5752 --- [RMI TCP Connection(2)-127.0.0.1] o.s.web.servlet.DispatcherServlet        : Completed initialization in 24 ms
2022-02-21 18:23:09.617  INFO 5752 --- [SpringContextShutdownHook] o.a.e.i.a.DefaultAsyncJobExecutor        : Shutting down the default async job executor [org.activiti.spring.SpringAsyncExecutor].
2022-02-21 18:23:09.619  INFO 5752 --- [activiti-acquire-timer-jobs] o.a.e.i.a.AcquireTimerJobsRunnable       : {} stopped async job due acquisition
2022-02-21 18:23:09.619  INFO 5752 --- [activiti-acquire-async-jobs] o.a.e.i.a.AcquireAsyncJobsDueRunnable    : {} stopped async job due acquisition
2022-02-21 18:23:09.619  INFO 5752 --- [activiti-reset-expired-jobs] o.a.e.i.a.ResetExpiredJobsRunnable       : {} stopped resetting expired jobs
2022-02-21 18:23:09.627  INFO 5752 --- [SpringContextShutdownHook] o.s.s.concurrent.ThreadPoolTaskExecutor  : Shutting down ExecutorService 'applicationTaskExecutor'
2022-02-21 18:23:09.628  INFO 5752 --- [SpringContextShutdownHook] com.zaxxer.hikari.HikariDataSource       : defaultDataSource - Shutdown initiated...
2022-02-21 18:23:09.651  INFO 5752 --- [SpringContextShutdownHook] com.zaxxer.hikari.HikariDataSource       : defaultDataSource - Shutdown completed.
