2022-02-25 18:15:37.263 ERROR 2414 --- [restartedMain] o.a.e.impl.interceptor.CommandContext    : Error while closing command context

org.activiti.engine.ActivitiException: deployment '9eb5d15a-9623-11ec-88f3-6613e520da45' didn't put process definition 'baoxiao_1:1:9edeb61c-9623-11ec-88f3-6613e520da45' in the cache
	at org.activiti.engine.impl.persistence.deploy.DeploymentManager.resolveProcessDefinition(DeploymentManager.java:127)
	at org.activiti.engine.impl.persistence.deploy.DeploymentManager.findDeployedProcessDefinitionById(DeploymentManager.java:76)
	at org.activiti.engine.impl.util.ProcessDefinitionUtil.getBpmnModel(ProcessDefinitionUtil.java:65)
	at org.activiti.engine.impl.cmd.GetBpmnModelCmd.execute(GetBpmnModelCmd.java:41)
	at org.activiti.engine.impl.cmd.GetBpmnModelCmd.execute(GetBpmnModelCmd.java:26)
	at org.activiti.engine.impl.interceptor.CommandInvoker$1.run(CommandInvoker.java:37)
	at org.activiti.engine.impl.interceptor.CommandInvoker.executeOperation(CommandInvoker.java:78)
	at org.activiti.engine.impl.interceptor.CommandInvoker.executeOperations(CommandInvoker.java:57)
	at org.activiti.engine.impl.interceptor.CommandInvoker.execute(CommandInvoker.java:42)
	at org.activiti.engine.impl.interceptor.TransactionContextInterceptor.execute(TransactionContextInterceptor.java:48)
	at org.activiti.engine.impl.interceptor.CommandContextInterceptor.execute(CommandContextInterceptor.java:59)
	at org.activiti.spring.SpringTransactionInterceptor$1.doInTransaction(SpringTransactionInterceptor.java:47)
	at org.springframework.transaction.support.TransactionTemplate.execute(TransactionTemplate.java:140)
	at org.activiti.spring.SpringTransactionInterceptor.execute(SpringTransactionInterceptor.java:45)
	at org.activiti.engine.impl.interceptor.LogInterceptor.execute(LogInterceptor.java:29)
	at org.activiti.engine.impl.cfg.CommandExecutorImpl.execute(CommandExecutorImpl.java:44)
	at org.activiti.engine.impl.cfg.CommandExecutorImpl.execute(CommandExecutorImpl.java:39)
	at org.activiti.engine.impl.RepositoryServiceImpl.getBpmnModel(RepositoryServiceImpl.java:142)
	at org.activiti.runtime.api.model.impl.APIProcessDefinitionConverter.from(APIProcessDefinitionConverter.java:40)
	at org.activiti.runtime.api.model.impl.APIProcessDefinitionConverter.from(APIProcessDefinitionConverter.java:24)
	at org.activiti.runtime.api.model.impl.ListConverter.from(ListConverter.java:28)
	at org.activiti.spring.ProcessDeployedEventProducer.onApplicationEvent(ProcessDeployedEventProducer.java:59)
	at org.activiti.spring.ProcessDeployedEventProducer.onApplicationEvent(ProcessDeployedEventProducer.java:39)
	at org.springframework.context.event.SimpleApplicationEventMulticaster.doInvokeListener(SimpleApplicationEventMulticaster.java:172)
	at org.springframework.context.event.SimpleApplicationEventMulticaster.invokeListener(SimpleApplicationEventMulticaster.java:165)
	at org.springframework.context.event.SimpleApplicationEventMulticaster.multicastEvent(SimpleApplicationEventMulticaster.java:139)
	at org.springframework.context.support.AbstractApplicationContext.publishEvent(AbstractApplicationContext.java:404)
	at org.springframework.context.support.AbstractApplicationContext.publishEvent(AbstractApplicationContext.java:361)
	at org.springframework.boot.context.event.EventPublishingRunListener.running(EventPublishingRunListener.java:108)
	at org.springframework.boot.SpringApplicationRunListeners.running(SpringApplicationRunListeners.java:77)
	at org.springframework.boot.SpringApplication.run(SpringApplication.java:330)
	at org.springframework.boot.SpringApplication.run(SpringApplication.java:1237)
	at org.springframework.boot.SpringApplication.run(SpringApplication.java:1226)
	at com.ewy.activiti7.Activiti7Application.main(Activiti7Application.java:11)
	at sun.reflect.NativeMethodAccessorImpl.invoke0(Native Method)
	at sun.reflect.NativeMethodAccessorImpl.invoke(NativeMethodAccessorImpl.java:62)
	at sun.reflect.DelegatingMethodAccessorImpl.invoke(DelegatingMethodAccessorImpl.java:43)
	at java.lang.reflect.Method.invoke(Method.java:498)
	at org.springframework.boot.devtools.restart.RestartLauncher.run(RestartLauncher.java:49)

2022-02-25 18:15:37.357 ERROR 2414 --- [restartedMain] o.s.boot.SpringApplication               : Application run failed

org.activiti.engine.ActivitiException: deployment '9eb5d15a-9623-11ec-88f3-6613e520da45' didn't put process definition 'baoxiao_1:1:9edeb61c-9623-11ec-88f3-6613e520da45' in the cache
	at org.activiti.engine.impl.persistence.deploy.DeploymentManager.resolveProcessDefinition(DeploymentManager.java:127)
	at org.activiti.engine.impl.persistence.deploy.DeploymentManager.findDeployedProcessDefinitionById(DeploymentManager.java:76)
	at org.activiti.engine.impl.util.ProcessDefinitionUtil.getBpmnModel(ProcessDefinitionUtil.java:65)
	at org.activiti.engine.impl.cmd.GetBpmnModelCmd.execute(GetBpmnModelCmd.java:41)
	at org.activiti.engine.impl.cmd.GetBpmnModelCmd.execute(GetBpmnModelCmd.java:26)
	at org.activiti.engine.impl.interceptor.CommandInvoker$1.run(CommandInvoker.java:37)
	at org.activiti.engine.impl.interceptor.CommandInvoker.executeOperation(CommandInvoker.java:78)
	at org.activiti.engine.impl.interceptor.CommandInvoker.executeOperations(CommandInvoker.java:57)
	at org.activiti.engine.impl.interceptor.CommandInvoker.execute(CommandInvoker.java:42)
	at org.activiti.engine.impl.interceptor.TransactionContextInterceptor.execute(TransactionContextInterceptor.java:48)
	at org.activiti.engine.impl.interceptor.CommandContextInterceptor.execute(CommandContextInterceptor.java:59)
	at org.activiti.spring.SpringTransactionInterceptor$1.doInTransaction(SpringTransactionInterceptor.java:47)
	at org.springframework.transaction.support.TransactionTemplate.execute(TransactionTemplate.java:140)
	at org.activiti.spring.SpringTransactionInterceptor.execute(SpringTransactionInterceptor.java:45)
	at org.activiti.engine.impl.interceptor.LogInterceptor.execute(LogInterceptor.java:29)
	at org.activiti.engine.impl.cfg.CommandExecutorImpl.execute(CommandExecutorImpl.java:44)
	at org.activiti.engine.impl.cfg.CommandExecutorImpl.execute(CommandExecutorImpl.java:39)
	at org.activiti.engine.impl.RepositoryServiceImpl.getBpmnModel(RepositoryServiceImpl.java:142)
	at org.activiti.runtime.api.model.impl.APIProcessDefinitionConverter.from(APIProcessDefinitionConverter.java:40)
	at org.activiti.runtime.api.model.impl.APIProcessDefinitionConverter.from(APIProcessDefinitionConverter.java:24)
	at org.activiti.runtime.api.model.impl.ListConverter.from(ListConverter.java:28)
	at org.activiti.spring.ProcessDeployedEventProducer.onApplicationEvent(ProcessDeployedEventProducer.java:59)
	at org.activiti.spring.ProcessDeployedEventProducer.onApplicationEvent(ProcessDeployedEventProducer.java:39)
	at org.springframework.context.event.SimpleApplicationEventMulticaster.doInvokeListener(SimpleApplicationEventMulticaster.java:172)
	at org.springframework.context.event.SimpleApplicationEventMulticaster.invokeListener(SimpleApplicationEventMulticaster.java:165)
	at org.springframework.context.event.SimpleApplicationEventMulticaster.multicastEvent(SimpleApplicationEventMulticaster.java:139)
	at org.springframework.context.support.AbstractApplicationContext.publishEvent(AbstractApplicationContext.java:404)
	at org.springframework.context.support.AbstractApplicationContext.publishEvent(AbstractApplicationContext.java:361)
	at org.springframework.boot.context.event.EventPublishingRunListener.running(EventPublishingRunListener.java:108)
	at org.springframework.boot.SpringApplicationRunListeners.running(SpringApplicationRunListeners.java:77)
	at org.springframework.boot.SpringApplication.run(SpringApplication.java:330)
	at org.springframework.boot.SpringApplication.run(SpringApplication.java:1237)
	at org.springframework.boot.SpringApplication.run(SpringApplication.java:1226)
	at com.ewy.activiti7.Activiti7Application.main(Activiti7Application.java:11)
	at sun.reflect.NativeMethodAccessorImpl.invoke0(Native Method)
	at sun.reflect.NativeMethodAccessorImpl.invoke(NativeMethodAccessorImpl.java:62)
	at sun.reflect.DelegatingMethodAccessorImpl.invoke(DelegatingMethodAccessorImpl.java:43)
	at java.lang.reflect.Method.invoke(Method.java:498)
	at org.springframework.boot.devtools.restart.RestartLauncher.run(RestartLauncher.java:49)

2022-02-25 18:18:23.011 ERROR 2448 --- [restartedMain] o.a.e.impl.interceptor.CommandContext    : Error while closing command context

java.lang.NullPointerException: null
	at org.activiti.engine.impl.persistence.deploy.DeploymentManager.resolveProcessDefinition(DeploymentManager.java:122)
	at org.activiti.engine.impl.persistence.deploy.DeploymentManager.findDeployedProcessDefinitionById(DeploymentManager.java:76)
	at org.activiti.engine.impl.util.ProcessDefinitionUtil.getBpmnModel(ProcessDefinitionUtil.java:65)
	at org.activiti.engine.impl.cmd.GetBpmnModelCmd.execute(GetBpmnModelCmd.java:41)
	at org.activiti.engine.impl.cmd.GetBpmnModelCmd.execute(GetBpmnModelCmd.java:26)
	at org.activiti.engine.impl.interceptor.CommandInvoker$1.run(CommandInvoker.java:37)
	at org.activiti.engine.impl.interceptor.CommandInvoker.executeOperation(CommandInvoker.java:78)
	at org.activiti.engine.impl.interceptor.CommandInvoker.executeOperations(CommandInvoker.java:57)
	at org.activiti.engine.impl.interceptor.CommandInvoker.execute(CommandInvoker.java:42)
	at org.activiti.engine.impl.interceptor.TransactionContextInterceptor.execute(TransactionContextInterceptor.java:48)
	at org.activiti.engine.impl.interceptor.CommandContextInterceptor.execute(CommandContextInterceptor.java:59)
	at org.activiti.spring.SpringTransactionInterceptor$1.doInTransaction(SpringTransactionInterceptor.java:47)
	at org.springframework.transaction.support.TransactionTemplate.execute(TransactionTemplate.java:140)
	at org.activiti.spring.SpringTransactionInterceptor.execute(SpringTransactionInterceptor.java:45)
	at org.activiti.engine.impl.interceptor.LogInterceptor.execute(LogInterceptor.java:29)
	at org.activiti.engine.impl.cfg.CommandExecutorImpl.execute(CommandExecutorImpl.java:44)
	at org.activiti.engine.impl.cfg.CommandExecutorImpl.execute(CommandExecutorImpl.java:39)
	at org.activiti.engine.impl.RepositoryServiceImpl.getBpmnModel(RepositoryServiceImpl.java:142)
	at org.activiti.runtime.api.model.impl.APIProcessDefinitionConverter.from(APIProcessDefinitionConverter.java:40)
	at org.activiti.runtime.api.model.impl.APIProcessDefinitionConverter.from(APIProcessDefinitionConverter.java:24)
	at org.activiti.runtime.api.model.impl.ListConverter.from(ListConverter.java:28)
	at org.activiti.spring.ProcessDeployedEventProducer.onApplicationEvent(ProcessDeployedEventProducer.java:59)
	at org.activiti.spring.ProcessDeployedEventProducer.onApplicationEvent(ProcessDeployedEventProducer.java:39)
	at org.springframework.context.event.SimpleApplicationEventMulticaster.doInvokeListener(SimpleApplicationEventMulticaster.java:172)
	at org.springframework.context.event.SimpleApplicationEventMulticaster.invokeListener(SimpleApplicationEventMulticaster.java:165)
	at org.springframework.context.event.SimpleApplicationEventMulticaster.multicastEvent(SimpleApplicationEventMulticaster.java:139)
	at org.springframework.context.support.AbstractApplicationContext.publishEvent(AbstractApplicationContext.java:404)
	at org.springframework.context.support.AbstractApplicationContext.publishEvent(AbstractApplicationContext.java:361)
	at org.springframework.boot.context.event.EventPublishingRunListener.running(EventPublishingRunListener.java:108)
	at org.springframework.boot.SpringApplicationRunListeners.running(SpringApplicationRunListeners.java:77)
	at org.springframework.boot.SpringApplication.run(SpringApplication.java:330)
	at org.springframework.boot.SpringApplication.run(SpringApplication.java:1237)
	at org.springframework.boot.SpringApplication.run(SpringApplication.java:1226)
	at com.ewy.activiti7.Activiti7Application.main(Activiti7Application.java:11)
	at sun.reflect.NativeMethodAccessorImpl.invoke0(Native Method)
	at sun.reflect.NativeMethodAccessorImpl.invoke(NativeMethodAccessorImpl.java:62)
	at sun.reflect.DelegatingMethodAccessorImpl.invoke(DelegatingMethodAccessorImpl.java:43)
	at java.lang.reflect.Method.invoke(Method.java:498)
	at org.springframework.boot.devtools.restart.RestartLauncher.run(RestartLauncher.java:49)

2022-02-25 18:18:23.152 ERROR 2448 --- [restartedMain] o.s.boot.SpringApplication               : Application run failed

java.lang.NullPointerException: null
	at org.activiti.engine.impl.persistence.deploy.DeploymentManager.resolveProcessDefinition(DeploymentManager.java:122)
	at org.activiti.engine.impl.persistence.deploy.DeploymentManager.findDeployedProcessDefinitionById(DeploymentManager.java:76)
	at org.activiti.engine.impl.util.ProcessDefinitionUtil.getBpmnModel(ProcessDefinitionUtil.java:65)
	at org.activiti.engine.impl.cmd.GetBpmnModelCmd.execute(GetBpmnModelCmd.java:41)
	at org.activiti.engine.impl.cmd.GetBpmnModelCmd.execute(GetBpmnModelCmd.java:26)
	at org.activiti.engine.impl.interceptor.CommandInvoker$1.run(CommandInvoker.java:37)
	at org.activiti.engine.impl.interceptor.CommandInvoker.executeOperation(CommandInvoker.java:78)
	at org.activiti.engine.impl.interceptor.CommandInvoker.executeOperations(CommandInvoker.java:57)
	at org.activiti.engine.impl.interceptor.CommandInvoker.execute(CommandInvoker.java:42)
	at org.activiti.engine.impl.interceptor.TransactionContextInterceptor.execute(TransactionContextInterceptor.java:48)
	at org.activiti.engine.impl.interceptor.CommandContextInterceptor.execute(CommandContextInterceptor.java:59)
	at org.activiti.spring.SpringTransactionInterceptor$1.doInTransaction(SpringTransactionInterceptor.java:47)
	at org.springframework.transaction.support.TransactionTemplate.execute(TransactionTemplate.java:140)
	at org.activiti.spring.SpringTransactionInterceptor.execute(SpringTransactionInterceptor.java:45)
	at org.activiti.engine.impl.interceptor.LogInterceptor.execute(LogInterceptor.java:29)
	at org.activiti.engine.impl.cfg.CommandExecutorImpl.execute(CommandExecutorImpl.java:44)
	at org.activiti.engine.impl.cfg.CommandExecutorImpl.execute(CommandExecutorImpl.java:39)
	at org.activiti.engine.impl.RepositoryServiceImpl.getBpmnModel(RepositoryServiceImpl.java:142)
	at org.activiti.runtime.api.model.impl.APIProcessDefinitionConverter.from(APIProcessDefinitionConverter.java:40)
	at org.activiti.runtime.api.model.impl.APIProcessDefinitionConverter.from(APIProcessDefinitionConverter.java:24)
	at org.activiti.runtime.api.model.impl.ListConverter.from(ListConverter.java:28)
	at org.activiti.spring.ProcessDeployedEventProducer.onApplicationEvent(ProcessDeployedEventProducer.java:59)
	at org.activiti.spring.ProcessDeployedEventProducer.onApplicationEvent(ProcessDeployedEventProducer.java:39)
	at org.springframework.context.event.SimpleApplicationEventMulticaster.doInvokeListener(SimpleApplicationEventMulticaster.java:172)
	at org.springframework.context.event.SimpleApplicationEventMulticaster.invokeListener(SimpleApplicationEventMulticaster.java:165)
	at org.springframework.context.event.SimpleApplicationEventMulticaster.multicastEvent(SimpleApplicationEventMulticaster.java:139)
	at org.springframework.context.support.AbstractApplicationContext.publishEvent(AbstractApplicationContext.java:404)
	at org.springframework.context.support.AbstractApplicationContext.publishEvent(AbstractApplicationContext.java:361)
	at org.springframework.boot.context.event.EventPublishingRunListener.running(EventPublishingRunListener.java:108)
	at org.springframework.boot.SpringApplicationRunListeners.running(SpringApplicationRunListeners.java:77)
	at org.springframework.boot.SpringApplication.run(SpringApplication.java:330)
	at org.springframework.boot.SpringApplication.run(SpringApplication.java:1237)
	at org.springframework.boot.SpringApplication.run(SpringApplication.java:1226)
	at com.ewy.activiti7.Activiti7Application.main(Activiti7Application.java:11)
	at sun.reflect.NativeMethodAccessorImpl.invoke0(Native Method)
	at sun.reflect.NativeMethodAccessorImpl.invoke(NativeMethodAccessorImpl.java:62)
	at sun.reflect.DelegatingMethodAccessorImpl.invoke(DelegatingMethodAccessorImpl.java:43)
	at java.lang.reflect.Method.invoke(Method.java:498)
	at org.springframework.boot.devtools.restart.RestartLauncher.run(RestartLauncher.java:49)

