2021-12-21 10:35:02 ERROR http-nio-8080-exec-6 liuru.world.vote_master.controller.PerformanceController 新增节目失败了
2021-12-21 14:21:36 ERROR http-nio-8080-exec-1 org.apache.catalina.core.ContainerBase.[Tomcat].[localhost].[/].[dispatcherServlet] Servlet.service() for servlet [dispatcherServlet] in context with path [] threw exception [Request processing failed; nested exception is org.springframework.http.converter.HttpMessageNotWritableException: No converter for [class liuru.world.vote_master.utils.HttpReturn] with preset Content-Type 'application/vnd.ms-excel;charset=utf-8'] with root cause
org.springframework.http.converter.HttpMessageNotWritableException: No converter for [class liuru.world.vote_master.utils.HttpReturn] with preset Content-Type 'application/vnd.ms-excel;charset=utf-8'
	at org.springframework.web.servlet.mvc.method.annotation.AbstractMessageConverterMethodProcessor.writeWithMessageConverters(AbstractMessageConverterMethodProcessor.java:299)
	at org.springframework.web.servlet.mvc.method.annotation.RequestResponseBodyMethodProcessor.handleReturnValue(RequestResponseBodyMethodProcessor.java:181)
	at org.springframework.web.method.support.HandlerMethodReturnValueHandlerComposite.handleReturnValue(HandlerMethodReturnValueHandlerComposite.java:82)
	at org.springframework.web.servlet.mvc.method.annotation.ServletInvocableHandlerMethod.invokeAndHandle(ServletInvocableHandlerMethod.java:123)
	at org.springframework.web.servlet.mvc.method.annotation.RequestMappingHandlerAdapter.invokeHandlerMethod(RequestMappingHandlerAdapter.java:878)
	at org.springframework.web.servlet.mvc.method.annotation.RequestMappingHandlerAdapter.handleInternal(RequestMappingHandlerAdapter.java:792)
	at org.springframework.web.servlet.mvc.method.AbstractHandlerMethodAdapter.handle(AbstractHandlerMethodAdapter.java:87)
	at org.springframework.web.servlet.DispatcherServlet.doDispatch(DispatcherServlet.java:1040)
	at org.springframework.web.servlet.DispatcherServlet.doService(DispatcherServlet.java:943)
	at org.springframework.web.servlet.FrameworkServlet.processRequest(FrameworkServlet.java:1006)
	at org.springframework.web.servlet.FrameworkServlet.doGet(FrameworkServlet.java:898)
	at javax.servlet.http.HttpServlet.service(HttpServlet.java:626)
	at org.springframework.web.servlet.FrameworkServlet.service(FrameworkServlet.java:883)
	at javax.servlet.http.HttpServlet.service(HttpServlet.java:733)
	at org.apache.catalina.core.ApplicationFilterChain.internalDoFilter(ApplicationFilterChain.java:231)
	at org.apache.catalina.core.ApplicationFilterChain.doFilter(ApplicationFilterChain.java:166)
	at org.apache.tomcat.websocket.server.WsFilter.doFilter(WsFilter.java:53)
	at org.apache.catalina.core.ApplicationFilterChain.internalDoFilter(ApplicationFilterChain.java:193)
	at org.apache.catalina.core.ApplicationFilterChain.doFilter(ApplicationFilterChain.java:166)
	at org.springframework.web.filter.RequestContextFilter.doFilterInternal(RequestContextFilter.java:100)
	at org.springframework.web.filter.OncePerRequestFilter.doFilter(OncePerRequestFilter.java:119)
	at org.apache.catalina.core.ApplicationFilterChain.internalDoFilter(ApplicationFilterChain.java:193)
	at org.apache.catalina.core.ApplicationFilterChain.doFilter(ApplicationFilterChain.java:166)
	at org.springframework.web.filter.FormContentFilter.doFilterInternal(FormContentFilter.java:93)
	at org.springframework.web.filter.OncePerRequestFilter.doFilter(OncePerRequestFilter.java:119)
	at org.apache.catalina.core.ApplicationFilterChain.internalDoFilter(ApplicationFilterChain.java:193)
	at org.apache.catalina.core.ApplicationFilterChain.doFilter(ApplicationFilterChain.java:166)
	at org.springframework.web.filter.HiddenHttpMethodFilter.doFilterInternal(HiddenHttpMethodFilter.java:94)
	at org.springframework.web.filter.OncePerRequestFilter.doFilter(OncePerRequestFilter.java:119)
	at org.apache.catalina.core.ApplicationFilterChain.internalDoFilter(ApplicationFilterChain.java:193)
	at org.apache.catalina.core.ApplicationFilterChain.doFilter(ApplicationFilterChain.java:166)
	at org.springframework.web.filter.CharacterEncodingFilter.doFilterInternal(CharacterEncodingFilter.java:201)
	at org.springframework.web.filter.OncePerRequestFilter.doFilter(OncePerRequestFilter.java:119)
	at org.apache.catalina.core.ApplicationFilterChain.internalDoFilter(ApplicationFilterChain.java:193)
	at org.apache.catalina.core.ApplicationFilterChain.doFilter(ApplicationFilterChain.java:166)
	at org.apache.catalina.core.StandardWrapperValve.invoke(StandardWrapperValve.java:202)
	at org.apache.catalina.core.StandardContextValve.invoke(StandardContextValve.java:97)
	at org.apache.catalina.authenticator.AuthenticatorBase.invoke(AuthenticatorBase.java:542)
	at org.apache.catalina.core.StandardHostValve.invoke(StandardHostValve.java:143)
	at org.apache.catalina.valves.ErrorReportValve.invoke(ErrorReportValve.java:92)
	at org.apache.catalina.core.StandardEngineValve.invoke(StandardEngineValve.java:78)
	at org.apache.catalina.connector.CoyoteAdapter.service(CoyoteAdapter.java:343)
	at org.apache.coyote.http11.Http11Processor.service(Http11Processor.java:374)
	at org.apache.coyote.AbstractProcessorLight.process(AbstractProcessorLight.java:65)
	at org.apache.coyote.AbstractProtocol$ConnectionHandler.process(AbstractProtocol.java:888)
	at org.apache.tomcat.util.net.NioEndpoint$SocketProcessor.doRun(NioEndpoint.java:1597)
	at org.apache.tomcat.util.net.SocketProcessorBase.run(SocketProcessorBase.java:49)
	at java.util.concurrent.ThreadPoolExecutor.runWorker(ThreadPoolExecutor.java:1149)
	at java.util.concurrent.ThreadPoolExecutor$Worker.run(ThreadPoolExecutor.java:624)
	at org.apache.tomcat.util.threads.TaskThread$WrappingRunnable.run(TaskThread.java:61)
	at java.lang.Thread.run(Thread.java:748)
2021-12-21 14:21:36 ERROR http-nio-8080-exec-1 org.springframework.boot.autoconfigure.web.servlet.error.ErrorMvcAutoConfiguration$StaticView Cannot render error page for request [/excel/download] and exception [No converter for [class liuru.world.vote_master.utils.HttpReturn] with preset Content-Type 'application/vnd.ms-excel;charset=utf-8'] as the response has already been committed. As a result, the response may have the wrong status code.
2021-12-21 14:24:47 ERROR http-nio-8080-exec-2 org.apache.catalina.core.ContainerBase.[Tomcat].[localhost].[/].[dispatcherServlet] Servlet.service() for servlet [dispatcherServlet] in context with path [] threw exception [Request processing failed; nested exception is org.springframework.http.converter.HttpMessageNotWritableException: No converter for [class liuru.world.vote_master.utils.HttpReturn] with preset Content-Type 'application/vnd.ms-excel;charset=utf-8'] with root cause
org.springframework.http.converter.HttpMessageNotWritableException: No converter for [class liuru.world.vote_master.utils.HttpReturn] with preset Content-Type 'application/vnd.ms-excel;charset=utf-8'
	at org.springframework.web.servlet.mvc.method.annotation.AbstractMessageConverterMethodProcessor.writeWithMessageConverters(AbstractMessageConverterMethodProcessor.java:299)
	at org.springframework.web.servlet.mvc.method.annotation.RequestResponseBodyMethodProcessor.handleReturnValue(RequestResponseBodyMethodProcessor.java:181)
	at org.springframework.web.method.support.HandlerMethodReturnValueHandlerComposite.handleReturnValue(HandlerMethodReturnValueHandlerComposite.java:82)
	at org.springframework.web.servlet.mvc.method.annotation.ServletInvocableHandlerMethod.invokeAndHandle(ServletInvocableHandlerMethod.java:123)
	at org.springframework.web.servlet.mvc.method.annotation.RequestMappingHandlerAdapter.invokeHandlerMethod(RequestMappingHandlerAdapter.java:878)
	at org.springframework.web.servlet.mvc.method.annotation.RequestMappingHandlerAdapter.handleInternal(RequestMappingHandlerAdapter.java:792)
	at org.springframework.web.servlet.mvc.method.AbstractHandlerMethodAdapter.handle(AbstractHandlerMethodAdapter.java:87)
	at org.springframework.web.servlet.DispatcherServlet.doDispatch(DispatcherServlet.java:1040)
	at org.springframework.web.servlet.DispatcherServlet.doService(DispatcherServlet.java:943)
	at org.springframework.web.servlet.FrameworkServlet.processRequest(FrameworkServlet.java:1006)
	at org.springframework.web.servlet.FrameworkServlet.doGet(FrameworkServlet.java:898)
	at javax.servlet.http.HttpServlet.service(HttpServlet.java:626)
	at org.springframework.web.servlet.FrameworkServlet.service(FrameworkServlet.java:883)
	at javax.servlet.http.HttpServlet.service(HttpServlet.java:733)
	at org.apache.catalina.core.ApplicationFilterChain.internalDoFilter(ApplicationFilterChain.java:231)
	at org.apache.catalina.core.ApplicationFilterChain.doFilter(ApplicationFilterChain.java:166)
	at org.apache.tomcat.websocket.server.WsFilter.doFilter(WsFilter.java:53)
	at org.apache.catalina.core.ApplicationFilterChain.internalDoFilter(ApplicationFilterChain.java:193)
	at org.apache.catalina.core.ApplicationFilterChain.doFilter(ApplicationFilterChain.java:166)
	at org.springframework.web.filter.RequestContextFilter.doFilterInternal(RequestContextFilter.java:100)
	at org.springframework.web.filter.OncePerRequestFilter.doFilter(OncePerRequestFilter.java:119)
	at org.apache.catalina.core.ApplicationFilterChain.internalDoFilter(ApplicationFilterChain.java:193)
	at org.apache.catalina.core.ApplicationFilterChain.doFilter(ApplicationFilterChain.java:166)
	at org.springframework.web.filter.FormContentFilter.doFilterInternal(FormContentFilter.java:93)
	at org.springframework.web.filter.OncePerRequestFilter.doFilter(OncePerRequestFilter.java:119)
	at org.apache.catalina.core.ApplicationFilterChain.internalDoFilter(ApplicationFilterChain.java:193)
	at org.apache.catalina.core.ApplicationFilterChain.doFilter(ApplicationFilterChain.java:166)
	at org.springframework.web.filter.HiddenHttpMethodFilter.doFilterInternal(HiddenHttpMethodFilter.java:94)
	at org.springframework.web.filter.OncePerRequestFilter.doFilter(OncePerRequestFilter.java:119)
	at org.apache.catalina.core.ApplicationFilterChain.internalDoFilter(ApplicationFilterChain.java:193)
	at org.apache.catalina.core.ApplicationFilterChain.doFilter(ApplicationFilterChain.java:166)
	at org.springframework.web.filter.CharacterEncodingFilter.doFilterInternal(CharacterEncodingFilter.java:201)
	at org.springframework.web.filter.OncePerRequestFilter.doFilter(OncePerRequestFilter.java:119)
	at org.apache.catalina.core.ApplicationFilterChain.internalDoFilter(ApplicationFilterChain.java:193)
	at org.apache.catalina.core.ApplicationFilterChain.doFilter(ApplicationFilterChain.java:166)
	at org.apache.catalina.core.StandardWrapperValve.invoke(StandardWrapperValve.java:202)
	at org.apache.catalina.core.StandardContextValve.invoke(StandardContextValve.java:97)
	at org.apache.catalina.authenticator.AuthenticatorBase.invoke(AuthenticatorBase.java:542)
	at org.apache.catalina.core.StandardHostValve.invoke(StandardHostValve.java:143)
	at org.apache.catalina.valves.ErrorReportValve.invoke(ErrorReportValve.java:92)
	at org.apache.catalina.core.StandardEngineValve.invoke(StandardEngineValve.java:78)
	at org.apache.catalina.connector.CoyoteAdapter.service(CoyoteAdapter.java:343)
	at org.apache.coyote.http11.Http11Processor.service(Http11Processor.java:374)
	at org.apache.coyote.AbstractProcessorLight.process(AbstractProcessorLight.java:65)
	at org.apache.coyote.AbstractProtocol$ConnectionHandler.process(AbstractProtocol.java:888)
	at org.apache.tomcat.util.net.NioEndpoint$SocketProcessor.doRun(NioEndpoint.java:1597)
	at org.apache.tomcat.util.net.SocketProcessorBase.run(SocketProcessorBase.java:49)
	at java.util.concurrent.ThreadPoolExecutor.runWorker(ThreadPoolExecutor.java:1149)
	at java.util.concurrent.ThreadPoolExecutor$Worker.run(ThreadPoolExecutor.java:624)
	at org.apache.tomcat.util.threads.TaskThread$WrappingRunnable.run(TaskThread.java:61)
	at java.lang.Thread.run(Thread.java:748)
2021-12-21 14:24:47 ERROR http-nio-8080-exec-2 org.springframework.boot.autoconfigure.web.servlet.error.ErrorMvcAutoConfiguration$StaticView Cannot render error page for request [/excel/download] and exception [No converter for [class liuru.world.vote_master.utils.HttpReturn] with preset Content-Type 'application/vnd.ms-excel;charset=utf-8'] as the response has already been committed. As a result, the response may have the wrong status code.
2021-12-21 16:10:45 ERROR http-nio-8080-exec-5 liuru.world.vote_master.controller.ExcelController 导入失败了
2021-12-21 16:10:46 ERROR http-nio-8080-exec-6 liuru.world.vote_master.controller.ExcelController 导入失败了
2021-12-21 16:10:54 ERROR http-nio-8080-exec-7 liuru.world.vote_master.controller.ExcelController 导入失败了
2021-12-21 16:12:05 ERROR http-nio-8080-exec-1 liuru.world.vote_master.controller.ExcelController 导入失败了
2021-12-21 16:12:32 ERROR http-nio-8080-exec-2 liuru.world.vote_master.controller.ExcelController 导入失败了
2021-12-21 16:15:20 ERROR http-nio-8080-exec-2 liuru.world.vote_master.controller.ExcelController 导入失败了
2021-12-21 16:28:41 ERROR http-nio-8080-exec-3 liuru.world.vote_master.controller.ExcelController 导入失败了
2021-12-21 16:29:06 ERROR http-nio-8080-exec-4 liuru.world.vote_master.controller.ExcelController 导入失败了
2021-12-21 16:29:18 ERROR http-nio-8080-exec-5 liuru.world.vote_master.controller.ExcelController 导入失败了
2021-12-21 16:33:28 ERROR http-nio-8080-exec-1 liuru.world.vote_master.controller.ExcelController 导入失败了
2021-12-21 16:34:39 ERROR http-nio-8080-exec-1 liuru.world.vote_master.controller.ExcelController 导入失败了
2021-12-21 16:40:10 ERROR http-nio-8080-exec-2 liuru.world.vote_master.controller.ExcelController 导入失败了
2021-12-21 16:40:10 ERROR http-nio-8080-exec-1 liuru.world.vote_master.controller.ExcelController 导入失败了
2021-12-21 16:43:35 ERROR http-nio-8080-exec-1 liuru.world.vote_master.controller.ExcelController 导入失败了
2021-12-21 16:43:35 ERROR http-nio-8080-exec-2 liuru.world.vote_master.controller.ExcelController 导入失败了
2021-12-21 16:50:38 ERROR http-nio-8080-exec-1 liuru.world.vote_master.controller.ExcelController 导入失败了
2021-12-21 16:53:23 ERROR http-nio-8080-exec-2 liuru.world.vote_master.controller.ExcelController 导入失败了
2021-12-21 16:53:23 ERROR http-nio-8080-exec-1 liuru.world.vote_master.controller.ExcelController 导入失败了
2021-12-21 16:53:23 ERROR http-nio-8080-exec-3 liuru.world.vote_master.controller.ExcelController 导入失败了
2021-12-21 16:53:23 ERROR http-nio-8080-exec-4 liuru.world.vote_master.controller.ExcelController 导入失败了
2021-12-21 16:55:08 ERROR http-nio-8080-exec-2 liuru.world.vote_master.controller.ExcelController 导入失败了
2021-12-21 16:55:08 ERROR http-nio-8080-exec-1 liuru.world.vote_master.controller.ExcelController 导入失败了
2021-12-21 16:59:54 ERROR http-nio-8080-exec-1 liuru.world.vote_master.controller.ExcelController 导入失败了
2021-12-21 16:59:54 ERROR http-nio-8080-exec-2 liuru.world.vote_master.controller.ExcelController 导入失败了
2021-12-21 17:00:19 ERROR http-nio-8080-exec-1 liuru.world.vote_master.controller.ExcelController 导入失败了
2021-12-21 17:00:19 ERROR http-nio-8080-exec-2 liuru.world.vote_master.controller.ExcelController 导入失败了
2021-12-21 17:01:10 ERROR http-nio-8080-exec-1 liuru.world.vote_master.controller.ExcelController 导入失败了
2021-12-21 17:08:33 ERROR http-nio-8080-exec-1 liuru.world.vote_master.controller.ExcelController 导入失败了
2021-12-21 17:24:10 ERROR http-nio-8080-exec-1 liuru.world.vote_master.controller.ExcelController 导入失败了
2021-12-21 17:27:47 ERROR http-nio-8080-exec-1 liuru.world.vote_master.controller.ExcelController 查询节目失败了
2021-12-21 17:27:51 ERROR http-nio-8080-exec-2 liuru.world.vote_master.controller.ExcelController 查询节目失败了
2021-12-21 17:30:49 ERROR http-nio-8080-exec-4 liuru.world.vote_master.controller.ExcelController 导入失败了
